make all --print-data-base --no-builtin-variables --no-builtin-rules --question
make: *** No rule to make target 'all'.  Stop.
 
# GNU Make 4.2.1
# Built for arm-unknown-linux-gnueabihf
# Copyright (C) 1988-2016 Free Software Foundation, Inc.
# License GPLv3+: GNU GPL version 3 or later <http://gnu.org/licenses/gpl.html>
# This is free software: you are free to change and redistribute it.
# There is NO WARRANTY, to the extent permitted by law.

# Make data base, printed on Wed May 12 16:33:08 2021

# Variables

# automatic
<D = $(patsubst %/,%,$(dir $<))
# automatic
?F = $(notdir $?)
# environment
DESKTOP_SESSION = LXDE-pi
# default
.SHELLFLAGS := -c
# environment
XDG_SESSION_CLASS = user
# environment
XDG_SESSION_TYPE = x11
# environment
VSCODE_LOG_NATIVE = false
# automatic
?D = $(patsubst %/,%,$(dir $?))
# automatic
@D = $(patsubst %/,%,$(dir $@))
# environment
XAUTHORITY = /home/pi/.Xauthority
# environment
GDMSESSION = lightdm-xsession
# environment
XMODIFIERS = @im=ibus
# makefile
CURDIR := /home/pi/iot-stand-test
# makefile
SHELL = /bin/sh
# environment
VSCODE_NLS_CONFIG = {"locale":"ja","availableLanguages":{"*":"ja"},"_languagePackId":"a1608f620ec16763d03ceb9f12a93292.ja","_translationsConfigFile":"/home/pi/.config/Code/clp/a1608f620ec16763d03ceb9f12a93292.ja/tcf.json","_cacheRoot":"/home/pi/.config/Code/clp/a1608f620ec16763d03ceb9f12a93292.ja","_resolvedLanguagePackCoreLocation":"/home/pi/.config/Code/clp/a1608f620ec16763d03ceb9f12a93292.ja/e713fe9b05fc24facbec8f34fb1017133858842b","_corruptedFile":"/home/pi/.config/Code/clp/a1608f620ec16763d03ceb9f12a93292.ja/corrupted.info","_languagePackSupport":true}
# environment
_ = /usr/share/code/code
# environment
XDG_CONFIG_DIRS = /etc/xdg
# makefile (from 'Makefile', line 1)
MAKEFILE_LIST :=  Makefile
# automatic
@F = $(notdir $@)
# environment
VSCODE_NODE_CACHED_DATA_DIR = /home/pi/.config/Code/CachedData/e713fe9b05fc24facbec8f34fb1017133858842b
# 'override' directive
GNUMAKEFLAGS := 
# environment
XDG_DATA_DIRS = /usr/share/fkms:/usr/local/share:/usr/share/raspi-ui-overrides:/usr/share:/usr/share/gdm:/var/lib/menu-xdg
# environment
DBUS_SESSION_BUS_ADDRESS = unix:path=/run/user/1000/bus
# environment
VSCODE_VERBOSE_LOGGING = true
# environment
CLUTTER_IM_MODULE = ibus
# environment
VSCODE_IPC_HOOK_EXTHOST = /run/user/1000/vscode-ipc-dd8db942-4b92-4b5c-92f3-a057eb412f4d.sock
# environment
VSCODE_CWD = /home/pi
# environment
XDG_SESSION_PATH = /org/freedesktop/DisplayManager/Session0
# default
MAKE_HOST := arm-unknown-linux-gnueabihf
# environment
PATH = /usr/local/sbin:/usr/local/bin:/usr/sbin:/usr/bin:/sbin:/bin:/usr/local/games:/usr/games
# environment
_LXSESSION_PID = 583
# environment
GPG_AGENT_INFO = /run/user/1000/gnupg/S.gpg-agent:0:1
# environment
XDG_RUNTIME_DIR = /run/user/1000
# environment
TEXTDOMAIN = Linux-PAM
# environment
XDG_MENU_PREFIX = lxde-pi-
# environment
VSCODE_LOG_STACK = false
# environment
VSCODE_CRASH_REPORTER_START_OPTIONS = {"companyName":"Microsoft","productName":"VSCode","submitURL":"appcenter://code?aid=fba07a4d-84bd-4fc8-a125-9640fc8ce171&uid=06679401-bee7-482d-8384-4693f6de656b&iid=06679401-bee7-482d-8384-4693f6de656b&sid=06679401-bee7-482d-8384-4693f6de656b","uploadToServer":true}
# default
.FEATURES := target-specific order-only second-expansion else-if shortest-stem undefine oneshell archives jobserver output-sync check-symlink load
# environment
XDG_GREETER_DATA_DIR = /var/lib/lightdm/data/pi
# environment
LS_COLORS = 
# environment
XDG_SESSION_DESKTOP = lightdm-xsession
# environment
SSH_AUTH_SOCK = /tmp/ssh-gz2UE9pkzsEP/agent.583
# automatic
%F = $(notdir $%)
# environment
DISPLAY = :0.0
# environment
GTK_IM_MODULE = ibus
# environment
VSCODE_PIPE_LOGGING = true
# environment
PWD = /home/pi/iot-stand-test
# environment
QT_QPA_PLATFORMTHEME = qt5ct
# default
.LOADED := 
# environment
XDG_SEAT = seat0
# environment
SSH_AGENT_PID = 635
# environment
ORIGINAL_XDG_CURRENT_DESKTOP = LXDE
# environment
VSCODE_AMD_ENTRYPOINT = vs/workbench/services/extensions/node/extensionHostProcess
# environment
HOME = /home/pi
# environment
LOGNAME = pi
# environment
APPLICATION_INSIGHTS_NO_DIAGNOSTIC_CHANNEL = true
# environment
VSCODE_HANDLES_UNCAUGHT_ERRORS = true
# default
MAKE_VERSION := 4.2.1
# automatic
^D = $(patsubst %/,%,$(dir $^))
# environment
XDG_VTNR = 7
# environment
MAKELEVEL := 0
# default
MAKE = $(MAKE_COMMAND)
# default
MAKECMDGOALS := all
# environment
QT_IM_MODULE = ibus
# environment
SHLVL = 0
# environment
XDG_SESSION_ID = 1
# environment
USER = pi
# makefile
.DEFAULT_GOAL := NewMultiple
# environment
XDG_CURRENT_DESKTOP = LXDE
# automatic
%D = $(patsubst %/,%,$(dir $%))
# environment
SAL_USE_VCLPLUGIN = gtk3
# default
MAKE_COMMAND := make
# default
.VARIABLES := 
# automatic
*F = $(notdir $*)
# environment
LANGUAGE = ja_JP.UTF-8
# environment
XDG_SEAT_PATH = /org/freedesktop/DisplayManager/Seat0
# environment
VSCODE_IPC_HOOK = /run/user/1000/vscode-23258904-1.56.1-main.sock
# makefile
MAKEFLAGS = pqrR
# environment
MFLAGS = -pqrR
# automatic
*D = $(patsubst %/,%,$(dir $*))
# environment
BREAKPAD_DUMP_LOCATION = /home/pi/.config/Code/exthost Crash Reports
# automatic
+D = $(patsubst %/,%,$(dir $+))
# environment
GDK_BACKEND = x11
# automatic
+F = $(notdir $+)
# environment
NO_AT_BRIDGE = 1
# default
MAKEFILES := 
# automatic
<F = $(notdir $<)
# environment
ELECTRON_RUN_AS_NODE = 1
# environment
XDG_CONFIG_HOME = /home/pi/.config
# environment
LC_ALL = C
# environment
QT4_IM_MODULE = ibus
# automatic
^F = $(notdir $^)
# default
SUFFIXES := 
# environment
CHROME_DESKTOP = code-url-handler.desktop
# default
.INCLUDE_DIRS = /usr/include /usr/local/include /usr/include
# default
.RECIPEPREFIX := 
# environment
LANG = C
# environment
VSCODE_PID = 1304
# variable set hash-table stats:
# Load=98/1024=10%, Rehash=0, Collisions=8/123=7%

# Pattern-specific Variable Values

# No pattern-specific variable values.

# Directories

# . (device 45826, inode 259084): 8 files, no impossibilities.

# 8 files, no impossibilities in 1 directories.

# Implicit Rules

# No implicit rules.

# Files

# Not a target:
OldBoard/SingleControl/test.cpp:
#  Implicit rule search has not been done.
#  Modification time never checked.
#  File has not been updated.

# Not a target:
NewBoard/MultipleControl/test.cpp:
#  Implicit rule search has not been done.
#  Modification time never checked.
#  File has not been updated.

# Not a target:
all:
#  Command line target.
#  Implicit rule search has been done.
#  File does not exist.
#  File has not been updated.

OldSingle: OldBoard/SingleControl/test.cpp
#  Implicit rule search has not been done.
#  Modification time never checked.
#  File has not been updated.
#  recipe to execute (from 'Makefile', line 11):
	g++ OldBoard/SingleControl/test.cpp -Wall -o OldBoard/SingleControl/test.out -lwiringPi

# Not a target:
Makefile:
#  Implicit rule search has been done.
#  Last modified 2021-05-12 16:32:31.245690456
#  File has been updated.
 
#  Successfully updated.

OldMultiple: OldBoard/MultipleControl/test.cpp
#  Implicit rule search has not been done.
#  Modification time never checked.
#  File has not been updated.
#  recipe to execute (from 'Makefile', line 8):
	g++ OldBoard/MultipleControl/test.cpp -Wall -o OldBoard/MultipleControl/test.out -lwiringPi

# Not a target:
NewBoard/SingleControl/test.cpp:
#  Implicit rule search has not been done.
#  Modification time never checked.
#  File has not been updated.

# Not a target:
.DEFAULT:
#  Implicit rule search has not been done.
#  Modification time never checked.
#  File has not been updated.

# Not a target:
OldBoard/MultipleControl/test.cpp:
#  Implicit rule search has not been done.
#  Modification time never checked.
#  File has not been updated.

clean:
#  Implicit rule search has not been done.
#  Modification time never checked.
#  File has not been updated.
#  recipe to execute (from 'Makefile', line 14):
	rm NewBoard/MultipleControl/test.out
	rm NewBoard/SingleControl/test.out
	rm OldBoard/MultipleControl/test.out
	rm OldBoard/SingleControl/test.out

NewSingle: NewBoard/SingleControl/test.cpp
#  Implicit rule search has not been done.
#  Modification time never checked.
#  File has not been updated.
#  recipe to execute (from 'Makefile', line 5):
	g++ NewBoard/SingleControl/test.cpp -Wall -o NewBoard/SingleControl/test.out -lwiringPi

NewMultiple: NewBoard/MultipleControl/test.cpp
#  Implicit rule search has not been done.
#  Modification time never checked.
#  File has not been updated.
#  recipe to execute (from 'Makefile', line 2):
	g++ NewBoard/MultipleControl/test.cpp -Wall -o NewBoard/MultipleControl/test.out -lwiringPi

# files hash-table stats:
# Load=13/1024=1%, Rehash=0, Collisions=0/27=0%
# VPATH Search Paths

# No 'vpath' search paths.

# No general ('VPATH' variable) search path.

# strcache buffers: 1 (0) / strings = 22 / storage = 292 B / avg = 13 B
# current buf: size = 8174 B / used = 292 B / count = 22 / avg = 13 B

# strcache performance: lookups = 31 / hit rate = 29%
# hash-table stats:
# Load=22/8192=0%, Rehash=0, Collisions=1/31=3%
# Finished Make data base on Wed May 12 16:33:08 2021

 
